<?xml version="1.0" encoding="UTF-8"?>
<!-- Generated by org.testng.reporters.JUnitReportReporter -->
<testsuite skipped="0" hostname="DESKTOP-5V25L0Q" name="tdd.UserNamePassWord" tests="2" failures="0" timestamp="24 Jul 2020 10:31:00 GMT" time="0.042" errors="0">
  <testcase name="PrintUserNamePassword" time="0.026" classname="tdd.UserNamePassWord"/>
  <testcase name="PrintUserNamePassword" time="0.016" classname="tdd.UserNamePassWord"/>
</testsuite> <!-- tdd.UserNamePassWord -->
