<?xml version="1.0" encoding="UTF-8"?>
<!-- Generated by org.testng.reporters.JUnitReportReporter -->
<testsuite skipped="0" hostname="DESKTOP-5V25L0Q" name="pkg1.NewTest" tests="2" failures="0" timestamp="24 Jul 2020 10:27:10 GMT" time="0.028" errors="0">
  <testcase name="PrintUserNamePassword" time="0.023" classname="pkg1.NewTest"/>
  <testcase name="PrintUserNamePassword" time="0.005" classname="pkg1.NewTest"/>
</testsuite> <!-- pkg1.NewTest -->
